2025-09-13 14:09:32,659 - INFO - Starting model training...
2025-09-13 14:09:32,660 - INFO - Attempting to create/train default model...
2025-09-13 14:09:32,661 - INFO - Loading training data from D:\ransomware-detection-system\test_data\training_dataset.csv...
2025-09-13 14:09:33,024 - INFO - Training model with 74475 samples...
2025-09-13 14:09:34,557 - INFO - Model saved to D:\ransomware-detection-system\models\ransomware_model.joblib
2025-09-13 14:09:34,558 - INFO - Feature scaler saved to D:\ransomware-detection-system\models\feature_scaler.joblib
2025-09-13 14:09:34,558 - INFO - Model training completed successfully.
2025-09-13 14:10:05,306 - INFO - Starting model training...
2025-09-13 14:10:05,307 - INFO - Attempting to create/train default model...
2025-09-13 14:10:05,317 - INFO - Loading training data from D:\ransomware-detection-system\test_data\training_dataset.csv...
2025-09-13 14:10:05,627 - INFO - Training model with 74475 samples...
2025-09-13 14:10:07,108 - INFO - Model saved to D:\ransomware-detection-system\models\ransomware_model.joblib
2025-09-13 14:10:07,108 - INFO - Feature scaler saved to D:\ransomware-detection-system\models\feature_scaler.joblib
2025-09-13 14:10:07,109 - INFO - Model training completed successfully.
2025-09-13 14:10:07,135 - INFO - Loading training data from D:\ransomware-detection-system\test_data\training_dataset.csv...
2025-09-13 14:10:07,446 - INFO - Training model with 74475 samples...
2025-09-13 14:10:08,944 - INFO - Model saved to D:\ransomware-detection-system\models\ransomware_model.joblib
2025-09-13 14:10:08,944 - INFO - Feature scaler saved to D:\ransomware-detection-system\models\feature_scaler.joblib
2025-09-13 14:10:08,945 - INFO - Model training completed successfully.
2025-09-13 14:10:08,950 - INFO - Model training completed and saved.
